{
  "stats": {
    "suites": 1,
    "tests": 1,
    "passes": 0,
    "pending": 0,
    "failures": 1,
    "start": "2022-09-15T09:41:36.342Z",
    "end": "2022-09-15T09:42:06.632Z",
    "duration": 30290,
    "testsRegistered": 1,
    "passPercent": 0,
    "pendingPercent": 0,
    "other": 0,
    "hasOther": false,
    "skipped": 0,
    "hasSkipped": false
  },
  "results": [
    {
      "uuid": "b10905f7-8f77-4579-9c4e-11e6f99b1f41",
      "title": "",
      "fullFile": "cypress\\e2e\\LMS\\Sprint-13\\MasterManagement.js",
      "file": "cypress\\e2e\\LMS\\Sprint-13\\MasterManagement.js",
      "beforeHooks": [],
      "afterHooks": [],
      "tests": [],
      "suites": [
        {
          "uuid": "f8ea2868-60d5-4871-a6e4-dbf9f8e2691c",
          "title": "Verify Master Management Page functionalities",
          "fullFile": "",
          "file": "",
          "beforeHooks": [],
          "afterHooks": [],
          "tests": [
            {
              "title": "Navigate to Master Management page",
              "fullTitle": "Verify Master Management Page functionalities Navigate to Master Management page",
              "timedOut": null,
              "duration": 28037,
              "state": "failed",
              "speed": null,
              "pass": false,
              "fail": true,
              "pending": false,
              "context": null,
              "code": "home.getSystemConfigDrpDwn().click();\nhome.getMasterManagementLnk().click();\nmasterManage.getTitle().should('have.text', this.masterManagementCredentials.Title); //  })\n//it(\"To validate that 'Publications' tab is provided in the 'Master Management'/EL-4138/ES4138_01\",function () {\nmasterManage.getPublicationTabLnk().should('be.visible').should('have.text', this.masterManagementCredentials.PublicationTabTitle); // })\n// it(\"To validate that when user clicks on 'Publications' Tab, Publications list exist in the masters DB is displayed/EL-4138/ES4138_02\",function(){\nmasterManage.getPublicationTabLnk().click();\nmasterManage.getPublicationNameLst().should('be.visible'); // })\n//it(\"To validate that 'Add New' Button is provided in the 'Publications' tab/EL-4138/ES4138_03\",function(){\nmasterManage.getBottomAddNewBtn().should('be.visible'); //})\n// it(\"To validate that when user click on 'Add New' button it's navigating to 'Add Publication' pop-up/EL-4138/ES4138_04\",function(){\nmasterManage.getBottomAddNewBtn().click();\nmasterManage.getAddPublicationTitleTxt().should('have.text', this.masterManagementCredentials.AddNewPublicationTitle); // })\n// it(\"To validate that 'Publication' and 'Display Name' Text box is provided in the 'Add Publication' pop-up/EL-4138/ES4138_05\",function(){\nmasterManage.getPublicationNameTxtFld().should('be.enabled').should('be.visible');\nmasterManage.getDisplayNameTxtFld().should('be.enabled').should('be.visible'); //  })\n// it(\"To validate that 'Status' toggle is provided in the 'Add Publication' pop-up/EL-4138/ES4138_06\",function(){\nmasterManage.getStatusToggleBtn().should('be.enabled').should('be.visible'); //})\n//  it(\"To validate that 'Submit' and 'Cancel' buttons is provided the 'Add Publication' pop-up/EL-4138/ES4138_07\",function(){\nmasterManage.getAddPublicationSubmitBtn().should('be.visible');\nmasterManage.getAddPublicationCancenBtn().should('be.visible'); // })\n// it(\"To validate that 'Type Publication Name' Place holder is provided in the 'Publication' Text box/EL-4138/ES4138_08\",function(){\nmasterManage.getPublicationNameTxtFld().invoke('attr', 'placeholder').should('eq', this.masterManagementCredentials.PublicationPlaceHolderText); // })\n// it(\"To validate that user is able to enter alphanumeric charecters into 'Publication' Textbox/EL-4138/ES4138_09\",function(){\nmasterManage.getPublicationNameTxtFld().type(this.masterManagementCredentials.AlphanumericCharectors); // })\n//it(\"To validate that 'Type Display Name' Place holder is provided in the 'Display Name' Text box/EL-4138/ES4138_10\",function(){\nmasterManage.getDisplayNameTxtFld().invoke('attr', 'placeholder').should('eq', this.masterManagementCredentials.DisplayPlaceHolderText); // })\n//it(\"To validate that user is able to enter alphanumeric charecters into 'Display Name' Textbox/EL-4138/ES4138_11\",function(){\nmasterManage.getDisplayNameTxtFld().type(this.masterManagementCredentials.AlphanumericCharectors); // })\n//it(\"To validate that user is able to Switch on  and off the 'Status' toggle/EL-4138/ES4138_12\",function(){\nmasterManage.getStatusToggleBtn().should('have.attr', 'value', 'false');\nmasterManage.getStatusToggleBtn().click();\nmasterManage.getStatusToggleBtn().should('have.attr', 'value', 'true'); //})\n// it(\"To validate that when user click on 'Submit' button it's navigating back to 'Publications' Tab/EL-4138/ES4138_13\",function(){\nmasterManage.getAddPublicationSubmitBtn().click();\nmasterManage.getPublicationAddedTxt().should('have.text', this.masterManagementCredentials.PublicationAddPopupText);\nmasterManage.getPublicationAddedbtn().click();\nmasterManage.getPublicationNameLst().contains(this.masterManagementCredentials.AlphanumericCharectors); // })\n//it(\"To verify that when user Switch on the 'Status' toggle and click on 'Submit' button then the status is show as Active in 'Publications' Tab/EL-4138/ES4138_14\",function(){\nmasterManage.getPublicationNameLst().each(($e1, index, $list) => {\n  const name = $e1.text();\n  if (name.includes(this.masterManagementCredentials.AlphanumericCharectors)) {\n    masterManage.getStatusLst().eq(index).scrollIntoView().should('have.text', \"Active\");\n  }\n}); //})\n// it(\"To verify that when user Switch off the 'Status' toggle and click on 'Submit' button then the status is show as Inactive in 'Publications' Tab/EL-4138/ES4138_15\",function(){\nmasterManage.getPublicationNameLst().each(($e1, index, $list) => {\n  const name = $e1.text();\n  if (name.includes(this.masterManagementCredentials.AlphanumericCharectors)) {\n    masterManage.getActionsLst().eq(index).scrollIntoView().click();\n  }\n});\nmasterManage.getEditBtn().click();\nmasterManage.getStatusToggleBtn().click();\nmasterManage.getStatusToggleBtn().should('have.attr', 'value', 'false');\nmasterManage.getAddPublicationSubmitBtn().click();\nmasterManage.getPublicationAddedbtn().click();\nmasterManage.getPublicationNameLst().each(($e1, index, $list) => {\n  const name = $e1.text();\n  if (name.includes(this.masterManagementCredentials.AlphanumericCharectors)) {\n    masterManage.getStatusLst().eq(index).scrollIntoView().should('have.text', \"Inactive\");\n  }\n}); // })\n//it(\"To validate that when user click on 'Cancel' button, it's navigating to 'Publications' Tab/EL-4138/ES4138_16\",function(){\nmasterManage.getBottomAddNewBtn().click();\nmasterManage.getAddPublicationCancenBtn().click();\nmasterManage.getPublicationTabLnk().should('be.visible'); //})\n//post-condition\n// it(\"Delete the created publication\",function(){\nmasterManage.getPublicationNameLst().each(($e1, index, $list) => {\n  const name = $e1.text();\n  if (name.includes(this.masterManagementCredentials.AlphanumericCharectors)) {\n    masterManage.getActionsLst().eq(index).scrollIntoView();\n    masterManage.getActionsLst().eq(index).click({\n      force: true\n    });\n  }\n});\nmasterManage.getDeleteBtn().click();\nmasterManage.getPublicationPopupDltBtn().click();\nmasterManage.getPublicationAddedbtn().click();",
              "err": {
                "message": "CypressError: Timed out retrying after 20050ms: `cy.click()` failed because this element:\n\n`<svg class=\"MuiSvgIcon-root\" focusable=\"false\" viewBox=\"0 0 24 24\" aria-hidden=\"true\">...</svg>`\n\nis being covered by another element:\n\n`<span class=\"menu-link px-3\">Edit</span>`\n\nFix this problem, or use {force: true} to disable error checking.\n\nhttps://on.cypress.io/element-cannot-be-interacted-with",
                "estack": "CypressError: Timed out retrying after 20050ms: `cy.click()` failed because this element:\n\n`<svg class=\"MuiSvgIcon-root\" focusable=\"false\" viewBox=\"0 0 24 24\" aria-hidden=\"true\">...</svg>`\n\nis being covered by another element:\n\n`<span class=\"menu-link px-3\">Edit</span>`\n\nFix this problem, or use {force: true} to disable error checking.\n\nhttps://on.cypress.io/element-cannot-be-interacted-with\n    at $Cy.ensureDescendents (https://cyborg.staging.topschool.co.in/__cypress/runner/cypress_runner.js:147512:78)\n    at ensureDescendents (https://cyborg.staging.topschool.co.in/__cypress/runner/cypress_runner.js:132962:8)\n    at ensureDescendentsAndScroll (https://cyborg.staging.topschool.co.in/__cypress/runner/cypress_runner.js:132969:14)\n    at ensureElIsNotCovered (https://cyborg.staging.topschool.co.in/__cypress/runner/cypress_runner.js:133101:5)\n    at runAllChecks (https://cyborg.staging.topschool.co.in/__cypress/runner/cypress_runner.js:133291:52)\n    at retryActionability (https://cyborg.staging.topschool.co.in/__cypress/runner/cypress_runner.js:133315:16)\n    at tryCatcher (https://cyborg.staging.topschool.co.in/__cypress/runner/cypress_runner.js:11318:23)\n    at Promise.attempt.Promise.try (https://cyborg.staging.topschool.co.in/__cypress/runner/cypress_runner.js:8592:29)\n    at whenStable (https://cyborg.staging.topschool.co.in/__cypress/runner/cypress_runner.js:152495:65)\n    at <unknown> (https://cyborg.staging.topschool.co.in/__cypress/runner/cypress_runner.js:151949:14)\n    at tryCatcher (https://cyborg.staging.topschool.co.in/__cypress/runner/cypress_runner.js:11318:23)\n    at Promise._settlePromiseFromHandler (https://cyborg.staging.topschool.co.in/__cypress/runner/cypress_runner.js:9253:31)\n    at Promise._settlePromise (https://cyborg.staging.topschool.co.in/__cypress/runner/cypress_runner.js:9310:18)\n    at Promise._settlePromise0 (https://cyborg.staging.topschool.co.in/__cypress/runner/cypress_runner.js:9355:10)\n    at Promise._settlePromises (https://cyborg.staging.topschool.co.in/__cypress/runner/cypress_runner.js:9435:18)\n    at Promise._fulfill (https://cyborg.staging.topschool.co.in/__cypress/runner/cypress_runner.js:9379:18)\n    at <unknown> (https://cyborg.staging.topschool.co.in/__cypress/runner/cypress_runner.js:10993:46)\nFrom Your Spec Code:\n    at Context.eval (webpack:///./cypress/e2e/LMS/Sprint-13/MasterManagement.js:101:64)",
                "diff": null
              },
              "uuid": "db648ea8-aae8-4ba0-b619-793a4c898e85",
              "parentUUID": "f8ea2868-60d5-4871-a6e4-dbf9f8e2691c",
              "isHook": false,
              "skipped": false
            }
          ],
          "suites": [],
          "passes": [],
          "failures": [
            "db648ea8-aae8-4ba0-b619-793a4c898e85"
          ],
          "pending": [],
          "skipped": [],
          "duration": 28037,
          "root": false,
          "rootEmpty": false,
          "_timeout": 2000
        }
      ],
      "passes": [],
      "failures": [],
      "pending": [],
      "skipped": [],
      "duration": 0,
      "root": true,
      "rootEmpty": true,
      "_timeout": 2000
    }
  ],
  "meta": {
    "mocha": {
      "version": "7.0.1"
    },
    "mochawesome": {
      "options": {
        "quiet": false,
        "reportFilename": "mochawesome",
        "saveHtml": false,
        "saveJson": true,
        "consoleReporter": "spec",
        "useInlineDiffs": false,
        "code": true
      },
      "version": "7.1.3"
    },
    "marge": {
      "options": {
        "reportDir": "cypress\\reports\\.jsons",
        "charts": true,
        "reportPageTitle": "My Test Suite",
        "embeddedScreenshots": true,
        "inlineAssets": true,
        "overwrite": false,
        "html": false,
        "json": true
      },
      "version": "6.2.0"
    }
  }
}