{
  "stats": {
    "suites": 1,
    "tests": 3,
    "passes": 3,
    "pending": 0,
    "failures": 0,
    "start": "2022-09-15T07:24:44.631Z",
    "end": "2022-09-15T07:24:58.397Z",
    "duration": 13766,
    "testsRegistered": 3,
    "passPercent": 100,
    "pendingPercent": 0,
    "other": 0,
    "hasOther": false,
    "skipped": 0,
    "hasSkipped": false
  },
  "results": [
    {
      "uuid": "24d7e077-5d56-4136-86d3-ee5b8292b8bc",
      "title": "",
      "fullFile": "cypress\\e2e\\LMS\\Sprint-14\\AdminAccounts.js",
      "file": "cypress\\e2e\\LMS\\Sprint-14\\AdminAccounts.js",
      "beforeHooks": [],
      "afterHooks": [],
      "tests": [],
      "suites": [
        {
          "uuid": "f8b24f47-f930-489d-8bd3-1e365f35ff2c",
          "title": "Verify Admin Account Page functionalities",
          "fullFile": "",
          "file": "",
          "beforeHooks": [],
          "afterHooks": [],
          "tests": [
            {
              "title": "Validate  school admin is able to create “Role” and provide “Approval” privilege for “Curriculum” domain/EL-4094/ES4094_01",
              "fullTitle": "Verify Admin Account Page functionalities Validate  school admin is able to create “Role” and provide “Approval” privilege for “Curriculum” domain/EL-4094/ES4094_01",
              "timedOut": null,
              "duration": 7617,
              "state": "passed",
              "speed": "medium",
              "pass": true,
              "fail": false,
              "pending": false,
              "context": null,
              "code": "home.getSchoolLnk().click({\n  force: true\n});\nhome.getAdminAccountsSectionLnk().click();\naccount.getAddNewBtn().click();\naccount.getEnterDesignationName().type(\"Super-Admin\");\naccount.getCheckBoxLst().check({\n  force: true\n});\naccount.getAddRoleBtn().click();",
              "err": {},
              "uuid": "ab8aeeb0-59ed-4a77-a879-0c462144263d",
              "parentUUID": "f8b24f47-f930-489d-8bd3-1e365f35ff2c",
              "isHook": false,
              "skipped": false
            },
            {
              "title": "Validate school admin is able to provide “Approval” privilege to School Sub admin user, will get access to Edit, Approve or Reject a curriculum from the curriculum section/EL-4094/ES4094_02",
              "fullTitle": "Verify Admin Account Page functionalities Validate school admin is able to provide “Approval” privilege to School Sub admin user, will get access to Edit, Approve or Reject a curriculum from the curriculum section/EL-4094/ES4094_02",
              "timedOut": null,
              "duration": 3150,
              "state": "passed",
              "speed": "fast",
              "pass": true,
              "fail": false,
              "pending": false,
              "context": null,
              "code": "cy.wait(2000);\naccount.getRoleLst().each(($e1, index, $list) => {\n  const actualText = $e1.text();\n  if (actualText.includes(\"Super-Admin\")) {\n    account.getEditRoleBtnLst().eq(index).click({\n      force: true\n    });\n  }\n});\ncy.wait(1000);\naccount.getCurriculumPrevilegeEditCheckBx().should('be.visible');",
              "err": {},
              "uuid": "5deba525-682b-4fc4-a521-17885670fbb1",
              "parentUUID": "f8b24f47-f930-489d-8bd3-1e365f35ff2c",
              "isHook": false,
              "skipped": false
            },
            {
              "title": "Validate school admin is able mouse hover on roles Privilege will show view, edit, approval icons/EL-4094/ES4094_03",
              "fullTitle": "Verify Admin Account Page functionalities Validate school admin is able mouse hover on roles Privilege will show view, edit, approval icons/EL-4094/ES4094_03",
              "timedOut": null,
              "duration": 763,
              "state": "passed",
              "speed": "fast",
              "pass": true,
              "fail": false,
              "pending": false,
              "context": null,
              "code": "account.getCloseEditRoleBtn().click();\naccount.getRoleLst().each(($e1, index, $list) => {\n  const actualText = $e1.text();\n  if (actualText.includes(\"Super-Admin\")) {\n    account.getPrevilegesLst().eq(index).trigger('mouseover');\n  }\n});\naccount.getPrevilegesBoardLst().should('be.visible').should('have.length', 13);",
              "err": {},
              "uuid": "35171538-57e6-4319-8136-08a379db1d94",
              "parentUUID": "f8b24f47-f930-489d-8bd3-1e365f35ff2c",
              "isHook": false,
              "skipped": false
            }
          ],
          "suites": [],
          "passes": [
            "ab8aeeb0-59ed-4a77-a879-0c462144263d",
            "5deba525-682b-4fc4-a521-17885670fbb1",
            "35171538-57e6-4319-8136-08a379db1d94"
          ],
          "failures": [],
          "pending": [],
          "skipped": [],
          "duration": 11530,
          "root": false,
          "rootEmpty": false,
          "_timeout": 2000
        }
      ],
      "passes": [],
      "failures": [],
      "pending": [],
      "skipped": [],
      "duration": 0,
      "root": true,
      "rootEmpty": true,
      "_timeout": 2000
    }
  ],
  "meta": {
    "mocha": {
      "version": "7.0.1"
    },
    "mochawesome": {
      "options": {
        "quiet": false,
        "reportFilename": "mochawesome",
        "saveHtml": false,
        "saveJson": true,
        "consoleReporter": "spec",
        "useInlineDiffs": false,
        "code": true
      },
      "version": "7.1.3"
    },
    "marge": {
      "options": {
        "reportDir": "cypress\\reports\\.jsons",
        "charts": true,
        "reportPageTitle": "My Test Suite",
        "embeddedScreenshots": true,
        "inlineAssets": true,
        "overwrite": false,
        "html": false,
        "json": true
      },
      "version": "6.2.0"
    }
  }
}