{
  "stats": {
    "suites": 1,
    "tests": 3,
    "passes": 3,
    "pending": 0,
    "failures": 0,
    "start": "2022-09-15T07:10:17.460Z",
    "end": "2022-09-15T07:10:31.487Z",
    "duration": 14027,
    "testsRegistered": 3,
    "passPercent": 100,
    "pendingPercent": 0,
    "other": 0,
    "hasOther": false,
    "skipped": 0,
    "hasSkipped": false
  },
  "results": [
    {
      "uuid": "386c9c38-e1f4-416d-a126-bcac2ffba1cc",
      "title": "",
      "fullFile": "cypress\\e2e\\LMS\\Sprint-14\\AdminAccounts.js",
      "file": "cypress\\e2e\\LMS\\Sprint-14\\AdminAccounts.js",
      "beforeHooks": [],
      "afterHooks": [],
      "tests": [],
      "suites": [
        {
          "uuid": "b6e793cf-b914-42c3-bdb4-e9b282f7865d",
          "title": "Verify Admin Account Page functionalities",
          "fullFile": "",
          "file": "",
          "beforeHooks": [],
          "afterHooks": [],
          "tests": [
            {
              "title": "Validate  school admin is able to create “Role” and provide “Approval” privilege for “Curriculum” domain/EL-4094/ES4094_01",
              "fullTitle": "Verify Admin Account Page functionalities Validate  school admin is able to create “Role” and provide “Approval” privilege for “Curriculum” domain/EL-4094/ES4094_01",
              "timedOut": null,
              "duration": 8019,
              "state": "passed",
              "speed": "medium",
              "pass": true,
              "fail": false,
              "pending": false,
              "context": null,
              "code": "home.getSchoolLnk().click({\n  force: true\n});\nhome.getAdminAccountsSectionLnk().click();\naccount.getAddNewBtn().click();\naccount.getEnterDesignationName().type(\"Super-Admin\");\naccount.getCheckBoxLst().check({\n  force: true\n});\naccount.getAddRoleBtn().click();",
              "err": {},
              "uuid": "f339d94d-2e59-4679-9380-02cd49850c7f",
              "parentUUID": "b6e793cf-b914-42c3-bdb4-e9b282f7865d",
              "isHook": false,
              "skipped": false
            },
            {
              "title": "Validate school admin is able to provide “Approval” privilege to School Sub admin user, will get access to Edit, Approve or Reject a curriculum from the curriculum section/EL-4094/ES4094_02",
              "fullTitle": "Verify Admin Account Page functionalities Validate school admin is able to provide “Approval” privilege to School Sub admin user, will get access to Edit, Approve or Reject a curriculum from the curriculum section/EL-4094/ES4094_02",
              "timedOut": null,
              "duration": 3160,
              "state": "passed",
              "speed": "fast",
              "pass": true,
              "fail": false,
              "pending": false,
              "context": null,
              "code": "cy.wait(2000);\naccount.getRoleLst().each(($e1, index, $list) => {\n  const actualText = $e1.text();\n  if (actualText.includes(\"Super-Admin\")) {\n    account.getEditRoleBtnLst().eq(index).click({\n      force: true\n    });\n  }\n});\ncy.wait(1000);\naccount.getCurriculumPrevilegeEditCheckBx().should('be.visible');",
              "err": {},
              "uuid": "42bcb1cc-c766-4cff-8301-507790ec3184",
              "parentUUID": "b6e793cf-b914-42c3-bdb4-e9b282f7865d",
              "isHook": false,
              "skipped": false
            },
            {
              "title": "Validate school admin is able mouse hover on roles Privilege will show view, edit, approval icons/EL-4094/ES4094_03",
              "fullTitle": "Verify Admin Account Page functionalities Validate school admin is able mouse hover on roles Privilege will show view, edit, approval icons/EL-4094/ES4094_03",
              "timedOut": null,
              "duration": 749,
              "state": "passed",
              "speed": "fast",
              "pass": true,
              "fail": false,
              "pending": false,
              "context": null,
              "code": "account.getCloseEditRoleBtn().click();\naccount.getRoleLst().each(($e1, index, $list) => {\n  const actualText = $e1.text();\n  if (actualText.includes(\"Super-Admin\")) {\n    account.getPrevilegesLst().eq(index).trigger('mouseover');\n  }\n});\naccount.getPrevilegesBoardLst().should('be.visible').should('have.length', 13);",
              "err": {},
              "uuid": "4cfd243f-4fdb-4cdb-83f3-b38d8a13e069",
              "parentUUID": "b6e793cf-b914-42c3-bdb4-e9b282f7865d",
              "isHook": false,
              "skipped": false
            }
          ],
          "suites": [],
          "passes": [
            "f339d94d-2e59-4679-9380-02cd49850c7f",
            "42bcb1cc-c766-4cff-8301-507790ec3184",
            "4cfd243f-4fdb-4cdb-83f3-b38d8a13e069"
          ],
          "failures": [],
          "pending": [],
          "skipped": [],
          "duration": 11928,
          "root": false,
          "rootEmpty": false,
          "_timeout": 2000
        }
      ],
      "passes": [],
      "failures": [],
      "pending": [],
      "skipped": [],
      "duration": 0,
      "root": true,
      "rootEmpty": true,
      "_timeout": 2000
    }
  ],
  "meta": {
    "mocha": {
      "version": "7.0.1"
    },
    "mochawesome": {
      "options": {
        "quiet": false,
        "reportFilename": "mochawesome",
        "saveHtml": false,
        "saveJson": true,
        "consoleReporter": "spec",
        "useInlineDiffs": false,
        "code": true
      },
      "version": "7.1.3"
    },
    "marge": {
      "options": {
        "reportDir": "cypress\\reports\\.jsons",
        "charts": true,
        "reportPageTitle": "My Test Suite",
        "embeddedScreenshots": true,
        "inlineAssets": true,
        "overwrite": false,
        "html": false,
        "json": true
      },
      "version": "6.2.0"
    }
  }
}