{
  "stats": {
    "suites": 1,
    "tests": 1,
    "passes": 0,
    "pending": 0,
    "failures": 1,
    "start": "2022-09-15T09:55:26.941Z",
    "end": "2022-09-15T09:55:49.911Z",
    "duration": 22970,
    "testsRegistered": 1,
    "passPercent": 0,
    "pendingPercent": 0,
    "other": 0,
    "hasOther": false,
    "skipped": 0,
    "hasSkipped": false
  },
  "results": [
    {
      "uuid": "b5349e95-c05a-4049-8257-fb1faf7501ea",
      "title": "",
      "fullFile": "cypress\\e2e\\LMS\\Sprint-13\\MasterManagement.js",
      "file": "cypress\\e2e\\LMS\\Sprint-13\\MasterManagement.js",
      "beforeHooks": [],
      "afterHooks": [],
      "tests": [],
      "suites": [
        {
          "uuid": "4c428dd9-2e24-4194-a6e2-654c31a068b4",
          "title": "Verify Master Management Page functionalities",
          "fullFile": "",
          "file": "",
          "beforeHooks": [],
          "afterHooks": [],
          "tests": [
            {
              "title": "Navigate to Master Management page",
              "fullTitle": "Verify Master Management Page functionalities Navigate to Master Management page",
              "timedOut": null,
              "duration": 22911,
              "state": "failed",
              "speed": null,
              "pass": false,
              "fail": true,
              "pending": false,
              "context": null,
              "code": "home.getSystemConfigDrpDwn().click();\nhome.getMasterManagementLnk().click();\nmasterManage.getTitle().should('have.text', this.masterManagementCredentials.Title); //  })\n//it(\"To validate that 'Publications' tab is provided in the 'Master Management'/EL-4138/ES4138_01\",function () {\nmasterManage.getPublicationTabLnk().should('be.visible').should('have.text', this.masterManagementCredentials.PublicationTabTitle); // })\n// it(\"To validate that when user clicks on 'Publications' Tab, Publications list exist in the masters DB is displayed/EL-4138/ES4138_02\",function(){\nmasterManage.getPublicationTabLnk().click();\nmasterManage.getPublicationNameLst().should('be.visible'); // })\n//it(\"To validate that 'Add New' Button is provided in the 'Publications' tab/EL-4138/ES4138_03\",function(){\nmasterManage.getBottomAddNewBtn().should('be.visible'); //})\n// it(\"To validate that when user click on 'Add New' button it's navigating to 'Add Publication' pop-up/EL-4138/ES4138_04\",function(){\nmasterManage.getBottomAddNewBtn().click();\nmasterManage.getAddPublicationTitleTxt().should('have.text', this.masterManagementCredentials.AddNewPublicationTitle); // })\n// it(\"To validate that 'Publication' and 'Display Name' Text box is provided in the 'Add Publication' pop-up/EL-4138/ES4138_05\",function(){\nmasterManage.getPublicationNameTxtFld().should('be.enabled').should('be.visible');\nmasterManage.getDisplayNameTxtFld().should('be.enabled').should('be.visible'); //  })\n// it(\"To validate that 'Status' toggle is provided in the 'Add Publication' pop-up/EL-4138/ES4138_06\",function(){\nmasterManage.getStatusToggleBtn().should('be.enabled').should('be.visible'); //})\n//  it(\"To validate that 'Submit' and 'Cancel' buttons is provided the 'Add Publication' pop-up/EL-4138/ES4138_07\",function(){\nmasterManage.getAddPublicationSubmitBtn().should('be.visible');\nmasterManage.getAddPublicationCancenBtn().should('be.visible'); // })\n// it(\"To validate that 'Type Publication Name' Place holder is provided in the 'Publication' Text box/EL-4138/ES4138_08\",function(){\nmasterManage.getPublicationNameTxtFld().invoke('attr', 'placeholder').should('eq', this.masterManagementCredentials.PublicationPlaceHolderText); // })\n// it(\"To validate that user is able to enter alphanumeric charecters into 'Publication' Textbox/EL-4138/ES4138_09\",function(){\nmasterManage.getPublicationNameTxtFld().type(this.masterManagementCredentials.AlphanumericCharectors); // })\n//it(\"To validate that 'Type Display Name' Place holder is provided in the 'Display Name' Text box/EL-4138/ES4138_10\",function(){\nmasterManage.getDisplayNameTxtFld().invoke('attr', 'placeholder').should('eq', this.masterManagementCredentials.DisplayPlaceHolderText); // })\n//it(\"To validate that user is able to enter alphanumeric charecters into 'Display Name' Textbox/EL-4138/ES4138_11\",function(){\nmasterManage.getDisplayNameTxtFld().type(this.masterManagementCredentials.AlphanumericCharectors); // })\n//it(\"To validate that user is able to Switch on  and off the 'Status' toggle/EL-4138/ES4138_12\",function(){\nmasterManage.getStatusToggleBtn().should('have.attr', 'value', 'false');\nmasterManage.getStatusToggleBtn().click();\nmasterManage.getStatusToggleBtn().should('have.attr', 'value', 'true'); //})\n// it(\"To validate that when user click on 'Submit' button it's navigating back to 'Publications' Tab/EL-4138/ES4138_13\",function(){\nmasterManage.getAddPublicationSubmitBtn().click();\nmasterManage.getPublicationAddedTxt().should('have.text', this.masterManagementCredentials.PublicationAddPopupText);\nmasterManage.getPublicationAddedbtn().click();\nmasterManage.getPublicationNameLst().contains(this.masterManagementCredentials.AlphanumericCharectors); // })\n//it(\"To verify that when user Switch on the 'Status' toggle and click on 'Submit' button then the status is show as Active in 'Publications' Tab/EL-4138/ES4138_14\",function(){\nmasterManage.getPublicationNameLst().each(($e1, index, $list) => {\n  const name = $e1.text();\n  if (name.includes(this.masterManagementCredentials.AlphanumericCharectors)) {\n    masterManage.getStatusLst().eq(index).scrollIntoView().should('have.text', \"Active\");\n  }\n}); //})\n// it(\"To verify that when user Switch off the 'Status' toggle and click on 'Submit' button then the status is show as Inactive in 'Publications' Tab/EL-4138/ES4138_15\",function(){\nmasterManage.getPublicationNameLst().each(($e1, index, $list) => {\n  const name = $e1.text();\n  if (name.includes(this.masterManagementCredentials.AlphanumericCharectors)) {\n    masterManage.getActionsLst().eq(index).scrollIntoView().click();\n  }\n});\nmasterManage.getEditBtn().click();\nmasterManage.getStatusToggleBtn().click();\nmasterManage.getStatusToggleBtn().should('have.attr', 'value', 'false');\nmasterManage.getAddPublicationSubmitBtn().click();\nmasterManage.getPublicationAddedbtn().click();\nmasterManage.getPublicationNameLst().each(($e1, index, $list) => {\n  const name = $e1.text();\n  if (name.includes(this.masterManagementCredentials.AlphanumericCharectors)) {\n    masterManage.getStatusLst().eq(index).scrollIntoView().should('have.text', \"Inactive\");\n  }\n}); // })\n//it(\"To validate that when user click on 'Cancel' button, it's navigating to 'Publications' Tab/EL-4138/ES4138_16\",function(){\nmasterManage.getBottomAddNewBtn().click();\nmasterManage.getAddPublicationCancenBtn().click();\nmasterManage.getPublicationTabLnk().should('be.visible'); //})\n//post-condition\n// it(\"Delete the created publication\",function(){\nmasterManage.getPublicationNameLst().each(($e1, index, $list) => {\n  const name = $e1.text();\n  if (name.includes(this.masterManagementCredentials.AlphanumericCharectors)) {\n    masterManage.getActionsLst().eq(index).scrollIntoView();\n    masterManage.getActionsLst().eq(index).click({\n      force: true\n    });\n  }\n});\nmasterManage.getDeleteBtn().click();\nmasterManage.getPublicationPopupDltBtn().click();\nmasterManage.getPublicationAddedbtn().click();",
              "err": {
                "message": "CypressError: `cy.visit()` failed trying to load:\n\nhttps://cyborg.staging.topschool.co.in/\n\nWe attempted to make an http request to this URL but the request failed without a response.\n\nWe received this error at the network level:\n\n  > Error: getaddrinfo ENOTFOUND cyborg.staging.topschool.co.in\n\nCommon situations why this would fail:\n  - you don't have internet access\n  - you forgot to run / boot your web server\n  - your web server isn't accessible\n  - you have weird network configuration settings on your computer\n\nBecause this error occurred during a `before all` hook we are skipping the remaining tests in the current suite: `Verify Master Management Pa...`",
                "estack": "CypressError: `cy.visit()` failed trying to load:\n\nhttps://cyborg.staging.topschool.co.in/\n\nWe attempted to make an http request to this URL but the request failed without a response.\n\nWe received this error at the network level:\n\n  > Error: getaddrinfo ENOTFOUND cyborg.staging.topschool.co.in\n\nCommon situations why this would fail:\n  - you don't have internet access\n  - you forgot to run / boot your web server\n  - your web server isn't accessible\n  - you have weird network configuration settings on your computer\n\nBecause this error occurred during a `before all` hook we are skipping the remaining tests in the current suite: `Verify Master Management Pa...`\n    at <unknown> (http://localhost:54691/__cypress/runner/cypress_runner.js:142127:82)\n    at visitFailedByErr (http://localhost:54691/__cypress/runner/cypress_runner.js:141429:12)\n    at <unknown> (http://localhost:54691/__cypress/runner/cypress_runner.js:142126:11)\n    at tryCatcher (http://localhost:54691/__cypress/runner/cypress_runner.js:11318:23)\n    at Promise._settlePromiseFromHandler (http://localhost:54691/__cypress/runner/cypress_runner.js:9253:31)\n    at Promise._settlePromise (http://localhost:54691/__cypress/runner/cypress_runner.js:9310:18)\n    at Promise._settlePromise0 (http://localhost:54691/__cypress/runner/cypress_runner.js:9355:10)\n    at Promise._settlePromises (http://localhost:54691/__cypress/runner/cypress_runner.js:9431:18)\n    at _drainQueueStep (http://localhost:54691/__cypress/runner/cypress_runner.js:6025:12)\n    at _drainQueue (http://localhost:54691/__cypress/runner/cypress_runner.js:6018:9)\n    at ../../node_modules/bluebird/js/release/async.js.Async._drainQueues (http://localhost:54691/__cypress/runner/cypress_runner.js:6034:5)\n    at Async.drainQueues (http://localhost:54691/__cypress/runner/cypress_runner.js:5904:14)\nFrom Your Spec Code:\n    at Context.eval (webpack:///./cypress/e2e/LMS/Sprint-13/MasterManagement.js:10:7)\n\nFrom Node.js Internals:\n  Error: getaddrinfo ENOTFOUND cyborg.staging.topschool.co.in\n      at GetAddrInfoReqWrap.onlookup [as oncomplete] (node:dns:71:26)",
                "diff": null
              },
              "uuid": "d47d1583-8103-4717-b45b-87b55ff8f38b",
              "parentUUID": "4c428dd9-2e24-4194-a6e2-654c31a068b4",
              "isHook": false,
              "skipped": false
            }
          ],
          "suites": [],
          "passes": [],
          "failures": [
            "d47d1583-8103-4717-b45b-87b55ff8f38b"
          ],
          "pending": [],
          "skipped": [],
          "duration": 22911,
          "root": false,
          "rootEmpty": false,
          "_timeout": 2000
        }
      ],
      "passes": [],
      "failures": [],
      "pending": [],
      "skipped": [],
      "duration": 0,
      "root": true,
      "rootEmpty": true,
      "_timeout": 2000
    }
  ],
  "meta": {
    "mocha": {
      "version": "7.0.1"
    },
    "mochawesome": {
      "options": {
        "quiet": false,
        "reportFilename": "mochawesome",
        "saveHtml": false,
        "saveJson": true,
        "consoleReporter": "spec",
        "useInlineDiffs": false,
        "code": true
      },
      "version": "7.1.3"
    },
    "marge": {
      "options": {
        "reportDir": "cypress\\reports\\.jsons",
        "charts": true,
        "reportPageTitle": "My Test Suite",
        "embeddedScreenshots": true,
        "inlineAssets": true,
        "overwrite": false,
        "html": false,
        "json": true
      },
      "version": "6.2.0"
    }
  }
}