{
  "stats": {
    "suites": 1,
    "tests": 13,
    "passes": 7,
    "pending": 0,
    "failures": 6,
    "start": "2022-09-15T06:43:14.797Z",
    "end": "2022-09-15T06:47:29.173Z",
    "duration": 254376,
    "testsRegistered": 13,
    "passPercent": 53.84615384615385,
    "pendingPercent": 0,
    "other": 0,
    "hasOther": false,
    "skipped": 0,
    "hasSkipped": false
  },
  "results": [
    {
      "uuid": "6eb073fa-d6f4-4795-8b7d-f0359160d26d",
      "title": "",
      "fullFile": "cypress\\e2e\\ERP\\Sprint-1\\TestAdminFeeManagementFeeStructurePage.js",
      "file": "cypress\\e2e\\ERP\\Sprint-1\\TestAdminFeeManagementFeeStructurePage.js",
      "beforeHooks": [],
      "afterHooks": [],
      "tests": [],
      "suites": [
        {
          "uuid": "828b7f3d-2569-425b-8309-a5298b4e37d8",
          "title": "Verify Fee Management Fee Structure functionalities",
          "fullFile": "",
          "file": "",
          "beforeHooks": [],
          "afterHooks": [],
          "tests": [
            {
              "title": "Validate User is able to land on on-boarding process by clicking Fees management module/EE-57/ERP_TC_001",
              "fullTitle": "Verify Fee Management Fee Structure functionalities Validate User is able to land on on-boarding process by clicking Fees management module/EE-57/ERP_TC_001",
              "timedOut": null,
              "duration": 31742,
              "state": "failed",
              "speed": null,
              "pass": false,
              "fail": true,
              "pending": false,
              "context": null,
              "code": "adminDashboardPage.navigateToFeeSetUpPage();\nfeeManagementFeeStructurePage.verifyFeeManagementPage(this.feeManagement.feeStructurePageTitle);",
              "err": {
                "message": "AssertionError: Timed out retrying after 20000ms: Expected to find element: `//p[.=\" Fees Structure \"]`, but never found it.",
                "estack": "AssertionError: Timed out retrying after 20000ms: Expected to find element: `//p[.=\" Fees Structure \"]`, but never found it.\n    at AdminFeeManagementFeeStructurePage.getFeeStructureTitle (webpack:///./cypress/support/pageObjects/ERP/AdminFeeManagementFeeStructurePage.js:12:18)\n    at AdminFeeManagementFeeStructurePage.verifyFeeManagementPage (webpack:///./cypress/support/pageObjects/ERP/AdminFeeManagementFeeStructurePage.js:167:33)\n    at Context.eval (webpack:///./cypress/e2e/ERP/Sprint-1/TestAdminFeeManagementFeeStructurePage.js:20:34)",
                "diff": null
              },
              "uuid": "529a988c-fce7-4ac6-8210-afe8271cf373",
              "parentUUID": "828b7f3d-2569-425b-8309-a5298b4e37d8",
              "isHook": false,
              "skipped": false
            },
            {
              "title": "Validate set up new fee master option  available when there is no fee structure master created/EE-57/ERP_TC_002",
              "fullTitle": "Verify Fee Management Fee Structure functionalities Validate set up new fee master option  available when there is no fee structure master created/EE-57/ERP_TC_002",
              "timedOut": null,
              "duration": 8013,
              "state": "passed",
              "speed": "medium",
              "pass": true,
              "fail": false,
              "pending": false,
              "context": null,
              "code": "adminDashboardPage.navigateToFeeSetUpPage();\nfeeManagementFeeStructurePage.verifyFeeManagementPageSetUpFeeMasters(this.feeManagement.feeStructurePageTitleSetUpFeeMasters);\nfeeManagementFeeStructurePage.verifySetUpFeeMastersIsDisplayed();",
              "err": {},
              "uuid": "0e75b7fa-b1e8-41e7-b2c0-ea27d65fc70f",
              "parentUUID": "828b7f3d-2569-425b-8309-a5298b4e37d8",
              "isHook": false,
              "skipped": false
            },
            {
              "title": "Validate action icon is showing for fee structure when user is on the fees structure tab/EE-57/ERP_TC_004",
              "fullTitle": "Verify Fee Management Fee Structure functionalities Validate action icon is showing for fee structure when user is on the fees structure tab/EE-57/ERP_TC_004",
              "timedOut": null,
              "duration": 25680,
              "state": "failed",
              "speed": null,
              "pass": false,
              "fail": true,
              "pending": false,
              "context": null,
              "code": "adminDashboardPage.navigateToFeeSetUpPage();\nfeeManagementFeeStructurePage.verifyFeeManagementTabs(this.feeManagement.feeStructurePageFeeStructureTitle, this.feeManagement.feeStructurePagePenaltyMasterTitle, this.feeManagement.feeStructurePageDiscountMasterTitle, this.feeManagement.feeStructurePagePaymentGatewayTitle);\nfeeManagementFeeStructurePage.verifyActionsTab();",
              "err": {
                "message": "AssertionError: Timed out retrying after 20000ms: Expected to find element: `//th[text()=\"ACTIONS\"]`, but never found it.",
                "estack": "AssertionError: Timed out retrying after 20000ms: Expected to find element: `//th[text()=\"ACTIONS\"]`, but never found it.\n    at AdminFeeManagementFeeStructurePage.getActionsTab (webpack:///./cypress/support/pageObjects/ERP/AdminFeeManagementFeeStructurePage.js:24:18)\n    at AdminFeeManagementFeeStructurePage.verifyActionsTab (webpack:///./cypress/support/pageObjects/ERP/AdminFeeManagementFeeStructurePage.js:180:26)\n    at Context.eval (webpack:///./cypress/e2e/ERP/Sprint-1/TestAdminFeeManagementFeeStructurePage.js:32:34)",
                "diff": null
              },
              "uuid": "9a3fa256-768c-400d-99b2-f23109683263",
              "parentUUID": "828b7f3d-2569-425b-8309-a5298b4e37d8",
              "isHook": false,
              "skipped": false
            },
            {
              "title": "Validate the user is able to see the option to setup new fee master or Add new as the user logs in and is in the fee management mini-onboarding process flow/EE-79/ERP_TC_010",
              "fullTitle": "Verify Fee Management Fee Structure functionalities Validate the user is able to see the option to setup new fee master or Add new as the user logs in and is in the fee management mini-onboarding process flow/EE-79/ERP_TC_010",
              "timedOut": null,
              "duration": 28851,
              "state": "failed",
              "speed": null,
              "pass": false,
              "fail": true,
              "pending": false,
              "context": null,
              "code": "adminDashboardPage.navigateToFeeSetUpPage();\nfeeManagementFeeStructurePage.verifyAddNewFeeStructurePopUp(this.feeManagement.addNewBtnPageTitle1, this.feeManagement.addNewBtnPageTitle2);",
              "err": {
                "message": "AssertionError: Timed out retrying after 20000ms: Expected to find element: `#customized-dialog-title div`, but never found it.",
                "estack": "AssertionError: Timed out retrying after 20000ms: Expected to find element: `#customized-dialog-title div`, but never found it.\n    at AdminFeeManagementFeeStructurePage.getFeesStructureAddNewPage (webpack:///./cypress/support/pageObjects/ERP/AdminFeeManagementFeeStructurePage.js:8:18)\n    at AdminFeeManagementFeeStructurePage.verifyAddNewFeeStructurePopUp (webpack:///./cypress/support/pageObjects/ERP/AdminFeeManagementFeeStructurePage.js:175:35)\n    at Context.eval (webpack:///./cypress/e2e/ERP/Sprint-1/TestAdminFeeManagementFeeStructurePage.js:37:34)",
                "diff": null
              },
              "uuid": "d7729932-46cb-4ae9-af09-d7454d26d7eb",
              "parentUUID": "828b7f3d-2569-425b-8309-a5298b4e37d8",
              "isHook": false,
              "skipped": false
            },
            {
              "title": "Validate the user is displayed with Details tab/modal as they click on setup new fee master button/EE-79/ERP_TC_011",
              "fullTitle": "Verify Fee Management Fee Structure functionalities Validate the user is displayed with Details tab/modal as they click on setup new fee master button/EE-79/ERP_TC_011",
              "timedOut": null,
              "duration": 13819,
              "state": "failed",
              "speed": null,
              "pass": false,
              "fail": true,
              "pending": false,
              "context": null,
              "code": "adminDashboardPage.navigateToFeeSetUpPage();\nfeeManagementFeeStructurePage.clickOnSetUpFeeMastersOrAddNewButton();\nfeeManagementFeeStructurePage.verifyAddNewFeeStructurePopUp(this.feeManagement.addNewBtnPageTitle1, this.feeManagement.addNewBtnPageTitle2);\nfeeManagementFeeStructurePage.verifyAddNewFeeStructureDetailsPage();",
              "err": {
                "message": "AssertionError: expected '<input#outlined-basic.MuiInputBase-input.MuiOutlinedInput-input.MuiInputBase-inputSizeSmall.css-1o6z5ng>' to be 'visible'\n\nThis element `<input#outlined-basic.MuiInputBase-input.MuiOutlinedInput-input.MuiInputBase-inputSizeSmall.css-1o6z5ng>` is not visible because its parent `<div.MuiDialog-container.MuiDialog-scrollPaper.css-16u656j>` has CSS property: `opacity: 0`",
                "estack": "AssertionError: expected '<input#outlined-basic.MuiInputBase-input.MuiOutlinedInput-input.MuiInputBase-inputSizeSmall.css-1o6z5ng>' to be 'visible'\n\nThis element `<input#outlined-basic.MuiInputBase-input.MuiOutlinedInput-input.MuiInputBase-inputSizeSmall.css-1o6z5ng>` is not visible because its parent `<div.MuiDialog-container.MuiDialog-scrollPaper.css-16u656j>` has CSS property: `opacity: 0`\n    at Context.eval (webpack:///./cypress/support/commands.js:76:10)",
                "diff": null
              },
              "uuid": "02652f9e-40a7-45fd-8a9c-8ce0e10e2165",
              "parentUUID": "828b7f3d-2569-425b-8309-a5298b4e37d8",
              "isHook": false,
              "skipped": false
            },
            {
              "title": "Validate user can navigate to different tabs showing lock icon only by clicking continue button./EE-57/ERP_TC_007",
              "fullTitle": "Verify Fee Management Fee Structure functionalities Validate user can navigate to different tabs showing lock icon only by clicking continue button./EE-57/ERP_TC_007",
              "timedOut": null,
              "duration": 13441,
              "state": "failed",
              "speed": null,
              "pass": false,
              "fail": true,
              "pending": false,
              "context": null,
              "code": "adminDashboardPage.navigateToFeeSetUpPage();\nfeeManagementFeeStructurePage.clickOnSetUpFeeMastersOrAddNewButton();\nfeeManagementFeeStructurePage.verifyAddNewFeeStructureDetailsPage();\nfeeManagementFeeStructurePage.enterAllDetails(this.feeManagement.feeStructureName, this.feeManagement.feeStructureDescription, dayjs().format('D'), Number(dayjs().format('D')) + 5);",
              "err": {
                "message": "AssertionError: expected '<input#outlined-basic.MuiInputBase-input.MuiOutlinedInput-input.MuiInputBase-inputSizeSmall.css-1o6z5ng>' to be 'visible'\n\nThis element `<input#outlined-basic.MuiInputBase-input.MuiOutlinedInput-input.MuiInputBase-inputSizeSmall.css-1o6z5ng>` is not visible because its parent `<div.MuiDialog-container.MuiDialog-scrollPaper.css-16u656j>` has CSS property: `opacity: 0`",
                "estack": "AssertionError: expected '<input#outlined-basic.MuiInputBase-input.MuiOutlinedInput-input.MuiInputBase-inputSizeSmall.css-1o6z5ng>' to be 'visible'\n\nThis element `<input#outlined-basic.MuiInputBase-input.MuiOutlinedInput-input.MuiInputBase-inputSizeSmall.css-1o6z5ng>` is not visible because its parent `<div.MuiDialog-container.MuiDialog-scrollPaper.css-16u656j>` has CSS property: `opacity: 0`\n    at Context.eval (webpack:///./cypress/support/commands.js:76:10)",
                "diff": null
              },
              "uuid": "e6af54fc-fb19-4c12-acfd-721981585460",
              "parentUUID": "828b7f3d-2569-425b-8309-a5298b4e37d8",
              "isHook": false,
              "skipped": false
            },
            {
              "title": "Validate the user is allowed to add 45 characters in \"Fee structure name\" text field/EE-79/ERP_TC_013",
              "fullTitle": "Verify Fee Management Fee Structure functionalities Validate the user is allowed to add 45 characters in \"Fee structure name\" text field/EE-79/ERP_TC_013",
              "timedOut": null,
              "duration": 19489,
              "state": "passed",
              "speed": "slow",
              "pass": true,
              "fail": false,
              "pending": false,
              "context": null,
              "code": "adminDashboardPage.navigateToFeeSetUpPage();\nfeeManagementFeeStructurePage.clickOnSetUpFeeMastersButton();\nfeeManagementFeeStructurePage.validateAddNewFeeStructureNameTextField(this.feeManagement.feeStructureString, this.feeManagement.feeStructureStringLength);",
              "err": {},
              "uuid": "1b3a0c52-ae92-40d8-9f5f-cf3605f4b19a",
              "parentUUID": "828b7f3d-2569-425b-8309-a5298b4e37d8",
              "isHook": false,
              "skipped": false
            },
            {
              "title": "Validate an error message appears if the user do not enter any data into \"Fee structure name\" text field /EE-79/ERP_TC_014",
              "fullTitle": "Verify Fee Management Fee Structure functionalities Validate an error message appears if the user do not enter any data into \"Fee structure name\" text field /EE-79/ERP_TC_014",
              "timedOut": null,
              "duration": 14101,
              "state": "passed",
              "speed": "slow",
              "pass": true,
              "fail": false,
              "pending": false,
              "context": null,
              "code": "adminDashboardPage.navigateToFeeSetUpPage();\nfeeManagementFeeStructurePage.clickOnSetUpFeeMastersButton();\nfeeManagementFeeStructurePage.validateAddNewFeeStructureErrorMessageFeeStructureName(this.feeManagement.feeStructureErrorMessage);",
              "err": {},
              "uuid": "dc4ffc0d-8230-40f5-87fd-b7033c5f038c",
              "parentUUID": "828b7f3d-2569-425b-8309-a5298b4e37d8",
              "isHook": false,
              "skipped": false
            },
            {
              "title": "Validate the user is able to add data into \"Description\" text field /EE-79/ERP_TC_015",
              "fullTitle": "Verify Fee Management Fee Structure functionalities Validate the user is able to add data into \"Description\" text field /EE-79/ERP_TC_015",
              "timedOut": null,
              "duration": 32504,
              "state": "failed",
              "speed": null,
              "pass": false,
              "fail": true,
              "pending": false,
              "context": null,
              "code": "adminDashboardPage.navigateToFeeSetUpPage();\nfeeManagementFeeStructurePage.clickOnSetUpFeeMastersOrAddNewButton();\nfeeManagementFeeStructurePage.verifyAddNewFeeStructureDescriptionTextareafield(this.feeManagement.feeStructureDescription);",
              "err": {
                "message": "AssertionError: Timed out retrying after 20000ms: Expected to find content: 'This test is created for automation purpose' but never did.",
                "estack": "AssertionError: Timed out retrying after 20000ms: Expected to find content: 'This test is created for automation purpose' but never did.\n    at AdminFeeManagementFeeStructurePage.verifyAddNewFeeStructureDescriptionTextareafield (webpack:///./cypress/support/pageObjects/ERP/AdminFeeManagementFeeStructurePage.js:266:11)\n    at Context.eval (webpack:///./cypress/e2e/ERP/Sprint-1/TestAdminFeeManagementFeeStructurePage.js:69:34)",
                "diff": null
              },
              "uuid": "d79709ed-1199-4bc6-839a-9f297ab35bc4",
              "parentUUID": "828b7f3d-2569-425b-8309-a5298b4e37d8",
              "isHook": false,
              "skipped": false
            },
            {
              "title": "Validate an error message stating error message “Start Date Required“ appears if the user do not select any valid start date EE-79/ERP_TC_017",
              "fullTitle": "Verify Fee Management Fee Structure functionalities Validate an error message stating error message “Start Date Required“ appears if the user do not select any valid start date EE-79/ERP_TC_017",
              "timedOut": null,
              "duration": 17509,
              "state": "passed",
              "speed": "slow",
              "pass": true,
              "fail": false,
              "pending": false,
              "context": null,
              "code": "adminDashboardPage.navigateToFeeSetUpPage();\nfeeManagementFeeStructurePage.clickOnSetUpFeeMastersOrAddNewButton();\nfeeManagementFeeStructurePage.validateAnErrorMessageStatingErrorMessage(this.feeManagement.feeStructureName, this.feeManagement.feeStructureDescription, Number(dayjs().format('D')) + 5, this.feeManagement.startDateErrorMessage);",
              "err": {},
              "uuid": "b8ea4b25-381e-4c53-ad14-2478a1c3f720",
              "parentUUID": "828b7f3d-2569-425b-8309-a5298b4e37d8",
              "isHook": false,
              "skipped": false
            },
            {
              "title": "Validate an error message stating error message “End Date Required“ appears if the user do not select any valid start date/EE-79/ERP_TC_019 ",
              "fullTitle": "Verify Fee Management Fee Structure functionalities Validate an error message stating error message “End Date Required“ appears if the user do not select any valid start date/EE-79/ERP_TC_019 ",
              "timedOut": null,
              "duration": 16701,
              "state": "passed",
              "speed": "slow",
              "pass": true,
              "fail": false,
              "pending": false,
              "context": null,
              "code": "adminDashboardPage.navigateToFeeSetUpPage();\nfeeManagementFeeStructurePage.clickOnSetUpFeeMastersOrAddNewButton();\nfeeManagementFeeStructurePage.validateAnErrorMessageEndDateErrorMessage(this.feeManagement.feeStructureName, this.feeManagement.feeStructureDescription, dayjs().format('D'), this.feeManagement.endDateErrorMessage);",
              "err": {},
              "uuid": "70b2785d-38cf-43ad-bf9d-16cda42ed5fa",
              "parentUUID": "828b7f3d-2569-425b-8309-a5298b4e37d8",
              "isHook": false,
              "skipped": false
            },
            {
              "title": "Validate the user is able to select either or both the options New student Existing student in Applicable For section/EE-79/ERP_TC_020 ",
              "fullTitle": "Verify Fee Management Fee Structure functionalities Validate the user is able to select either or both the options New student Existing student in Applicable For section/EE-79/ERP_TC_020 ",
              "timedOut": null,
              "duration": 10661,
              "state": "passed",
              "speed": "slow",
              "pass": true,
              "fail": false,
              "pending": false,
              "context": null,
              "code": "adminDashboardPage.navigateToFeeSetUpPage();\nfeeManagementFeeStructurePage.clickOnSetUpFeeMastersButton();\nfeeManagementFeeStructurePage.verifyApplicableForStudentCheckbox();",
              "err": {},
              "uuid": "1514e1ac-338f-40bf-b6af-2bec9c4e1cf3",
              "parentUUID": "828b7f3d-2569-425b-8309-a5298b4e37d8",
              "isHook": false,
              "skipped": false
            },
            {
              "title": "Validate the user can select multiple grades and streams from the \"Select Grade\" and \"Stream\" drop down list /EE-79/ERP_TC_021",
              "fullTitle": "Verify Fee Management Fee Structure functionalities Validate the user can select multiple grades and streams from the \"Select Grade\" and \"Stream\" drop down list /EE-79/ERP_TC_021",
              "timedOut": null,
              "duration": 11811,
              "state": "passed",
              "speed": "slow",
              "pass": true,
              "fail": false,
              "pending": false,
              "context": null,
              "code": "adminDashboardPage.navigateToFeeSetUpPage();\nfeeManagementFeeStructurePage.clickOnSetUpFeeMastersButton();",
              "err": {},
              "uuid": "a295f1a2-d9a6-4517-a350-8fff1868abfd",
              "parentUUID": "828b7f3d-2569-425b-8309-a5298b4e37d8",
              "isHook": false,
              "skipped": false
            }
          ],
          "suites": [],
          "passes": [
            "0e75b7fa-b1e8-41e7-b2c0-ea27d65fc70f",
            "1b3a0c52-ae92-40d8-9f5f-cf3605f4b19a",
            "dc4ffc0d-8230-40f5-87fd-b7033c5f038c",
            "b8ea4b25-381e-4c53-ad14-2478a1c3f720",
            "70b2785d-38cf-43ad-bf9d-16cda42ed5fa",
            "1514e1ac-338f-40bf-b6af-2bec9c4e1cf3",
            "a295f1a2-d9a6-4517-a350-8fff1868abfd"
          ],
          "failures": [
            "529a988c-fce7-4ac6-8210-afe8271cf373",
            "9a3fa256-768c-400d-99b2-f23109683263",
            "d7729932-46cb-4ae9-af09-d7454d26d7eb",
            "02652f9e-40a7-45fd-8a9c-8ce0e10e2165",
            "e6af54fc-fb19-4c12-acfd-721981585460",
            "d79709ed-1199-4bc6-839a-9f297ab35bc4"
          ],
          "pending": [],
          "skipped": [],
          "duration": 244322,
          "root": false,
          "rootEmpty": false,
          "_timeout": 2000
        }
      ],
      "passes": [],
      "failures": [],
      "pending": [],
      "skipped": [],
      "duration": 0,
      "root": true,
      "rootEmpty": true,
      "_timeout": 2000
    }
  ],
  "meta": {
    "mocha": {
      "version": "7.0.1"
    },
    "mochawesome": {
      "options": {
        "quiet": false,
        "reportFilename": "mochawesome",
        "saveHtml": false,
        "saveJson": true,
        "consoleReporter": "spec",
        "useInlineDiffs": false,
        "code": true
      },
      "version": "7.1.3"
    },
    "marge": {
      "options": {
        "reportDir": "cypress\\reports\\.jsons",
        "charts": true,
        "reportPageTitle": "My Test Suite",
        "embeddedScreenshots": true,
        "inlineAssets": true,
        "overwrite": false,
        "html": false,
        "json": true
      },
      "version": "6.2.0"
    }
  }
}