{
  "stats": {
    "suites": 1,
    "tests": 3,
    "passes": 3,
    "pending": 0,
    "failures": 0,
    "start": "2022-09-15T07:20:02.002Z",
    "end": "2022-09-15T07:20:15.777Z",
    "duration": 13775,
    "testsRegistered": 3,
    "passPercent": 100,
    "pendingPercent": 0,
    "other": 0,
    "hasOther": false,
    "skipped": 0,
    "hasSkipped": false
  },
  "results": [
    {
      "uuid": "c71224fa-d831-4b3f-88f9-2d354e7f0198",
      "title": "",
      "fullFile": "cypress\\e2e\\LMS\\Sprint-14\\AdminAccounts.js",
      "file": "cypress\\e2e\\LMS\\Sprint-14\\AdminAccounts.js",
      "beforeHooks": [],
      "afterHooks": [],
      "tests": [],
      "suites": [
        {
          "uuid": "7508637b-0945-4a38-a7c7-343da27a73e6",
          "title": "Verify Admin Account Page functionalities",
          "fullFile": "",
          "file": "",
          "beforeHooks": [],
          "afterHooks": [],
          "tests": [
            {
              "title": "Validate  school admin is able to create “Role” and provide “Approval” privilege for “Curriculum” domain/EL-4094/ES4094_01",
              "fullTitle": "Verify Admin Account Page functionalities Validate  school admin is able to create “Role” and provide “Approval” privilege for “Curriculum” domain/EL-4094/ES4094_01",
              "timedOut": null,
              "duration": 7665,
              "state": "passed",
              "speed": "medium",
              "pass": true,
              "fail": false,
              "pending": false,
              "context": null,
              "code": "home.getSchoolLnk().click({\n  force: true\n});\nhome.getAdminAccountsSectionLnk().click();\naccount.getAddNewBtn().click();\naccount.getEnterDesignationName().type(\"Super-Admin\");\naccount.getCheckBoxLst().check({\n  force: true\n});\naccount.getAddRoleBtn().click();",
              "err": {},
              "uuid": "12010f46-040a-4410-a10f-11c897c55654",
              "parentUUID": "7508637b-0945-4a38-a7c7-343da27a73e6",
              "isHook": false,
              "skipped": false
            },
            {
              "title": "Validate school admin is able to provide “Approval” privilege to School Sub admin user, will get access to Edit, Approve or Reject a curriculum from the curriculum section/EL-4094/ES4094_02",
              "fullTitle": "Verify Admin Account Page functionalities Validate school admin is able to provide “Approval” privilege to School Sub admin user, will get access to Edit, Approve or Reject a curriculum from the curriculum section/EL-4094/ES4094_02",
              "timedOut": null,
              "duration": 3147,
              "state": "passed",
              "speed": "fast",
              "pass": true,
              "fail": false,
              "pending": false,
              "context": null,
              "code": "cy.wait(2000);\naccount.getRoleLst().each(($e1, index, $list) => {\n  const actualText = $e1.text();\n  if (actualText.includes(\"Super-Admin\")) {\n    account.getEditRoleBtnLst().eq(index).click({\n      force: true\n    });\n  }\n});\ncy.wait(1000);\naccount.getCurriculumPrevilegeEditCheckBx().should('be.visible');",
              "err": {},
              "uuid": "fdc22340-3be8-4bd2-84c1-635ea0791de2",
              "parentUUID": "7508637b-0945-4a38-a7c7-343da27a73e6",
              "isHook": false,
              "skipped": false
            },
            {
              "title": "Validate school admin is able mouse hover on roles Privilege will show view, edit, approval icons/EL-4094/ES4094_03",
              "fullTitle": "Verify Admin Account Page functionalities Validate school admin is able mouse hover on roles Privilege will show view, edit, approval icons/EL-4094/ES4094_03",
              "timedOut": null,
              "duration": 752,
              "state": "passed",
              "speed": "fast",
              "pass": true,
              "fail": false,
              "pending": false,
              "context": null,
              "code": "account.getCloseEditRoleBtn().click();\naccount.getRoleLst().each(($e1, index, $list) => {\n  const actualText = $e1.text();\n  if (actualText.includes(\"Super-Admin\")) {\n    account.getPrevilegesLst().eq(index).trigger('mouseover');\n  }\n});\naccount.getPrevilegesBoardLst().should('be.visible').should('have.length', 13);",
              "err": {},
              "uuid": "ce9a41f5-b3c5-487e-bfff-2289314d8dde",
              "parentUUID": "7508637b-0945-4a38-a7c7-343da27a73e6",
              "isHook": false,
              "skipped": false
            }
          ],
          "suites": [],
          "passes": [
            "12010f46-040a-4410-a10f-11c897c55654",
            "fdc22340-3be8-4bd2-84c1-635ea0791de2",
            "ce9a41f5-b3c5-487e-bfff-2289314d8dde"
          ],
          "failures": [],
          "pending": [],
          "skipped": [],
          "duration": 11564,
          "root": false,
          "rootEmpty": false,
          "_timeout": 2000
        }
      ],
      "passes": [],
      "failures": [],
      "pending": [],
      "skipped": [],
      "duration": 0,
      "root": true,
      "rootEmpty": true,
      "_timeout": 2000
    }
  ],
  "meta": {
    "mocha": {
      "version": "7.0.1"
    },
    "mochawesome": {
      "options": {
        "quiet": false,
        "reportFilename": "mochawesome",
        "saveHtml": false,
        "saveJson": true,
        "consoleReporter": "spec",
        "useInlineDiffs": false,
        "code": true
      },
      "version": "7.1.3"
    },
    "marge": {
      "options": {
        "reportDir": "cypress\\reports\\.jsons",
        "charts": true,
        "reportPageTitle": "My Test Suite",
        "embeddedScreenshots": true,
        "inlineAssets": true,
        "overwrite": false,
        "html": false,
        "json": true
      },
      "version": "6.2.0"
    }
  }
}