{
  "stats": {
    "suites": 1,
    "tests": 1,
    "passes": 1,
    "pending": 0,
    "failures": 0,
    "start": "2022-09-15T07:41:11.238Z",
    "end": "2022-09-15T07:41:23.882Z",
    "duration": 12644,
    "testsRegistered": 1,
    "passPercent": 100,
    "pendingPercent": 0,
    "other": 0,
    "hasOther": false,
    "skipped": 0,
    "hasSkipped": false
  },
  "results": [
    {
      "uuid": "544531b6-9846-49f1-a704-cdda08c4cd8c",
      "title": "",
      "fullFile": "cypress\\e2e\\LMS\\Sprint-13\\MasterManagement.js",
      "file": "cypress\\e2e\\LMS\\Sprint-13\\MasterManagement.js",
      "beforeHooks": [],
      "afterHooks": [],
      "tests": [],
      "suites": [
        {
          "uuid": "c2c796d8-959d-4d17-9c18-d8788b157eda",
          "title": "Verify Master Management Page functionalities",
          "fullFile": "",
          "file": "",
          "beforeHooks": [],
          "afterHooks": [],
          "tests": [
            {
              "title": "Navigate to Master Management page",
              "fullTitle": "Verify Master Management Page functionalities Navigate to Master Management page",
              "timedOut": null,
              "duration": 10499,
              "state": "passed",
              "speed": "slow",
              "pass": true,
              "fail": false,
              "pending": false,
              "context": null,
              "code": "home.getSystemConfigDrpDwn().click();\nhome.getMasterManagementLnk().click();\nmasterManage.getTitle().should('have.text', this.masterManagementCredentials.Title); //  })\n//it(\"To validate that 'Publications' tab is provided in the 'Master Management'/EL-4138/ES4138_01\",function () {\nmasterManage.getPublicationTabLnk().should('be.visible').should('have.text', this.masterManagementCredentials.PublicationTabTitle); // })\n// it(\"To validate that when user clicks on 'Publications' Tab, Publications list exist in the masters DB is displayed/EL-4138/ES4138_02\",function(){\nmasterManage.getPublicationTabLnk().click();\nmasterManage.getPublicationNameLst().should('be.visible'); // })\n//it(\"To validate that 'Add New' Button is provided in the 'Publications' tab/EL-4138/ES4138_03\",function(){\nmasterManage.getBottomAddNewBtn().should('be.visible'); //})\n// it(\"To validate that when user click on 'Add New' button it's navigating to 'Add Publication' pop-up/EL-4138/ES4138_04\",function(){\nmasterManage.getBottomAddNewBtn().click();\nmasterManage.getAddPublicationTitleTxt().should('have.text', this.masterManagementCredentials.AddNewPublicationTitle); // })\n// it(\"To validate that 'Publication' and 'Display Name' Text box is provided in the 'Add Publication' pop-up/EL-4138/ES4138_05\",function(){\nmasterManage.getPublicationNameTxtFld().should('be.enabled').should('be.visible');\nmasterManage.getDisplayNameTxtFld().should('be.enabled').should('be.visible'); //  })\n// it(\"To validate that 'Status' toggle is provided in the 'Add Publication' pop-up/EL-4138/ES4138_06\",function(){\nmasterManage.getStatusToggleBtn().should('be.enabled').should('be.visible'); //})\n//  it(\"To validate that 'Submit' and 'Cancel' buttons is provided the 'Add Publication' pop-up/EL-4138/ES4138_07\",function(){\nmasterManage.getAddPublicationSubmitBtn().should('be.visible');\nmasterManage.getAddPublicationCancenBtn().should('be.visible'); // })\n// it(\"To validate that 'Type Publication Name' Place holder is provided in the 'Publication' Text box/EL-4138/ES4138_08\",function(){\nmasterManage.getPublicationNameTxtFld().invoke('attr', 'placeholder').should('eq', this.masterManagementCredentials.PublicationPlaceHolderText); // })\n// it(\"To validate that user is able to enter alphanumeric charecters into 'Publication' Textbox/EL-4138/ES4138_09\",function(){\nmasterManage.getPublicationNameTxtFld().type(this.masterManagementCredentials.AlphanumericCharectors); // })\n//it(\"To validate that 'Type Display Name' Place holder is provided in the 'Display Name' Text box/EL-4138/ES4138_10\",function(){\nmasterManage.getDisplayNameTxtFld().invoke('attr', 'placeholder').should('eq', this.masterManagementCredentials.DisplayPlaceHolderText); // })\n//it(\"To validate that user is able to enter alphanumeric charecters into 'Display Name' Textbox/EL-4138/ES4138_11\",function(){\nmasterManage.getDisplayNameTxtFld().type(this.masterManagementCredentials.AlphanumericCharectors); // })\n//it(\"To validate that user is able to Switch on  and off the 'Status' toggle/EL-4138/ES4138_12\",function(){\nmasterManage.getStatusToggleBtn().should('have.attr', 'value', 'false');\nmasterManage.getStatusToggleBtn().click();\nmasterManage.getStatusToggleBtn().should('have.attr', 'value', 'true'); //})\n// it(\"To validate that when user click on 'Submit' button it's navigating back to 'Publications' Tab/EL-4138/ES4138_13\",function(){\nmasterManage.getAddPublicationSubmitBtn().click();\nmasterManage.getPublicationAddedTxt().should('have.text', this.masterManagementCredentials.PublicationAddPopupText);\nmasterManage.getPublicationAddedbtn().click();\nmasterManage.getPublicationNameLst().contains(this.masterManagementCredentials.AlphanumericCharectors); // })\n//it(\"To verify that when user Switch on the 'Status' toggle and click on 'Submit' button then the status is show as Active in 'Publications' Tab/EL-4138/ES4138_14\",function(){\nmasterManage.getPublicationNameLst().each(($e1, index, $list) => {\n  const name = $e1.text();\n  if (name.includes(this.masterManagementCredentials.AlphanumericCharectors)) {\n    masterManage.getStatusLst().eq(index).scrollIntoView().should('have.text', \"Active\");\n  }\n}); //})\n// it(\"To verify that when user Switch off the 'Status' toggle and click on 'Submit' button then the status is show as Inactive in 'Publications' Tab/EL-4138/ES4138_15\",function(){\nmasterManage.getPublicationNameLst().each(($e1, index, $list) => {\n  const name = $e1.text();\n  if (name.includes(this.masterManagementCredentials.AlphanumericCharectors)) {\n    masterManage.getActionsLst().eq(index).scrollIntoView().click();\n  }\n});\nmasterManage.getEditBtn().click();\nmasterManage.getStatusToggleBtn().click();\nmasterManage.getStatusToggleBtn().should('have.attr', 'value', 'false');\nmasterManage.getAddPublicationSubmitBtn().click();\nmasterManage.getPublicationAddedbtn().click();\nmasterManage.getPublicationNameLst().each(($e1, index, $list) => {\n  const name = $e1.text();\n  if (name.includes(this.masterManagementCredentials.AlphanumericCharectors)) {\n    masterManage.getStatusLst().eq(index).scrollIntoView().should('have.text', \"Inactive\");\n  }\n}); // })\n//it(\"To validate that when user click on 'Cancel' button, it's navigating to 'Publications' Tab/EL-4138/ES4138_16\",function(){\nmasterManage.getBottomAddNewBtn().click();\nmasterManage.getAddPublicationCancenBtn().click();\nmasterManage.getPublicationTabLnk().should('be.visible'); //})\n//post-condition\n// it(\"Delete the created publication\",function(){\nmasterManage.getPublicationNameLst().each(($e1, index, $list) => {\n  const name = $e1.text();\n  if (name.includes(this.masterManagementCredentials.AlphanumericCharectors)) {\n    masterManage.getActionsLst().eq(index).scrollIntoView();\n    masterManage.getActionsLst().eq(index).click({\n      force: true\n    });\n  }\n});\nmasterManage.getDeleteBtn().click();\nmasterManage.getPublicationPopupDltBtn().click();\nmasterManage.getPublicationAddedbtn().click();",
              "err": {},
              "uuid": "5950a0ca-38fd-4537-8afd-d35b60650771",
              "parentUUID": "c2c796d8-959d-4d17-9c18-d8788b157eda",
              "isHook": false,
              "skipped": false
            }
          ],
          "suites": [],
          "passes": [
            "5950a0ca-38fd-4537-8afd-d35b60650771"
          ],
          "failures": [],
          "pending": [],
          "skipped": [],
          "duration": 10499,
          "root": false,
          "rootEmpty": false,
          "_timeout": 2000
        }
      ],
      "passes": [],
      "failures": [],
      "pending": [],
      "skipped": [],
      "duration": 0,
      "root": true,
      "rootEmpty": true,
      "_timeout": 2000
    }
  ],
  "meta": {
    "mocha": {
      "version": "7.0.1"
    },
    "mochawesome": {
      "options": {
        "quiet": false,
        "reportFilename": "mochawesome",
        "saveHtml": false,
        "saveJson": true,
        "consoleReporter": "spec",
        "useInlineDiffs": false,
        "code": true
      },
      "version": "7.1.3"
    },
    "marge": {
      "options": {
        "reportDir": "cypress\\reports\\.jsons",
        "charts": true,
        "reportPageTitle": "My Test Suite",
        "embeddedScreenshots": true,
        "inlineAssets": true,
        "overwrite": false,
        "html": false,
        "json": true
      },
      "version": "6.2.0"
    }
  }
}